2025-04-23 16:04:29,480 - db_handler - INFO - Initializing Mongo DB...
2025-04-23 16:04:29,482 - db_handler - INFO - Mongo DB initialized...
2025-04-23 16:04:40,545 - db_handler - INFO - found user: None
2025-04-23 16:05:52,899 - db_handler - INFO - Initializing Mongo DB...
2025-04-23 16:05:52,901 - db_handler - INFO - Mongo DB initialized...
2025-04-23 16:06:07,709 - db_handler - INFO - found user: None
2025-04-23 16:15:25,532 - db_handler - INFO - Initializing Mongo DB...
2025-04-23 16:15:25,534 - db_handler - INFO - Mongo DB initialized...
2025-04-23 16:15:35,427 - db_handler - INFO - found user: {'_id': ObjectId('6808e2f426e03127ba344a12'), 'user_id': 1139700949, 'username': 'yakuninvla'}
2025-04-26 13:29:36,241 - db_handler - INFO - Initializing Mongo DB...
2025-04-26 13:29:36,501 - db_handler - INFO - Mongo DB initialized...
2025-04-26 13:31:30,989 - db_handler - INFO - Initializing Mongo DB...
2025-04-26 13:31:30,997 - db_handler - INFO - Mongo DB initialized...
2025-04-26 13:32:05,871 - db_handler - INFO - Initializing Mongo DB...
2025-04-26 13:32:05,878 - db_handler - INFO - Mongo DB initialized...
2025-04-26 13:32:16,941 - db_handler - INFO - Initializing Mongo DB...
2025-04-26 13:32:16,950 - db_handler - INFO - Mongo DB initialized...
2025-04-26 13:32:44,017 - db_handler - INFO - Initializing Mongo DB...
2025-04-26 13:32:44,025 - db_handler - INFO - Mongo DB initialized...
2025-04-26 13:35:00,937 - db_handler - INFO - Initializing Mongo DB...
2025-04-26 13:35:00,946 - db_handler - INFO - Mongo DB initialized...
2025-04-26 13:35:30,314 - db_handler - INFO - found user: None
2025-04-26 13:35:30,737 - db_handler - INFO - created user: 1139700949
2025-04-26 13:38:24,462 - db_handler - INFO - Initializing Mongo DB...
2025-04-26 13:38:24,470 - db_handler - INFO - Mongo DB initialized...
2025-04-26 13:38:30,103 - db_handler - INFO - found user: {'_id': ObjectId('680cb6f2047c27eb317b553c'), 'user_id': 1139700949, 'username': 'yakuninvla'}
2025-04-26 15:47:57,827 - db_handler - INFO - Initializing Mongo DB...
2025-04-26 15:47:57,838 - db_handler - INFO - Mongo DB initialized...
2025-04-26 15:48:08,462 - db_handler - INFO - found user: {'_id': ObjectId('680cb6f2047c27eb317b553c'), 'user_id': 1139700949, 'username': 'yakuninvla'}
2025-04-26 15:50:33,097 - db_handler - INFO - Initializing Mongo DB...
2025-04-26 15:50:33,104 - db_handler - INFO - Mongo DB initialized...
2025-04-26 16:55:09,765 - db_handler - INFO - found user: {'_id': ObjectId('680cb6f2047c27eb317b553c'), 'user_id': 1139700949, 'username': 'yakuninvla'}
2025-04-26 16:59:29,284 - db_handler - INFO - Initializing Mongo DB...
2025-04-26 16:59:29,291 - db_handler - INFO - Mongo DB initialized...
2025-04-26 16:59:32,765 - db_handler - INFO - found user: {'_id': ObjectId('680cb6f2047c27eb317b553c'), 'user_id': 1139700949, 'username': 'yakuninvla'}
2025-04-26 17:01:08,856 - db_handler - INFO - Initializing Mongo DB...
2025-04-26 17:01:08,863 - db_handler - INFO - Mongo DB initialized...
2025-04-26 17:01:10,063 - db_handler - INFO - found user: {'_id': ObjectId('680cb6f2047c27eb317b553c'), 'user_id': 1139700949, 'username': 'yakuninvla'}
2025-04-26 17:12:17,262 - db_handler - INFO - Initializing Mongo DB...
2025-04-26 17:12:17,269 - db_handler - INFO - Mongo DB initialized...
2025-04-26 17:12:25,496 - db_handler - INFO - found user: {'_id': ObjectId('680cb6f2047c27eb317b553c'), 'user_id': 1139700949, 'username': 'yakuninvla'}
2025-04-26 17:13:15,811 - db_handler - INFO - Initializing Mongo DB...
2025-04-26 17:13:15,818 - db_handler - INFO - Mongo DB initialized...
2025-04-26 17:13:20,927 - db_handler - INFO - found user: None
2025-04-26 17:13:20,928 - db_handler - INFO - created user: 1139700949
2025-04-26 17:15:45,825 - db_handler - INFO - Initializing Mongo DB...
2025-04-26 17:15:45,832 - db_handler - INFO - Mongo DB initialized...
2025-04-26 17:15:49,799 - db_handler - INFO - found user: {'_id': ObjectId('680cea00323766ae662401d4'), 'user_id': 1139700949, 'username': 'yakuninvla', 'heart_style': {'style': 'abstract', 'form': 'round', 'color': 'red', 'props': 'fire', 'size': 'medium'}}
2025-04-26 17:17:19,712 - db_handler - INFO - Initializing Mongo DB...
2025-04-26 17:17:19,718 - db_handler - INFO - Mongo DB initialized...
2025-04-26 17:17:28,483 - db_handler - INFO - found user: {'_id': ObjectId('680cea00323766ae662401d4'), 'user_id': 1139700949, 'username': 'yakuninvla', 'heart_style': {'style': 'abstract', 'form': 'sharp', 'color': 'red', 'props': 'fire', 'size': 'medium'}}
